<?xml version="1.0" encoding="UTF-8"?>
<!-- Generated by org.testng.reporters.JUnitXMLReporter -->
<testsuite ignored="0" hostname="LAPTOP-SL2M9OBI" failures="0" tests="7" name="Command line test" time="60.247" errors="0" timestamp="2022-05-17T00:10:45 BST">
  <testcase classname="aboutCompanyTest" name="aboutUsFunction" time="5.893"/>
  <testcase classname="categoryTest" name="CategoryJobsFunction" time="4.156"/>
  <testcase classname="FaqTest" name="FaqFunction" time="0.887"/>
  <testcase classname="Hotcategories_Test" name="HotCategories_Function" time="0.78"/>
  <testcase classname="loginTest" name="Login_Function" time="2.421"/>
  <testcase classname="registerWithFacebookTest" name="RegisterWtihFacebook_Function" time="3.412"/>
  <testcase classname="whatsappTest" name="WhatsApp_Function" time="1.212"/>
</testsuite> <!-- Command line test -->
