<?xml version="1.0" encoding="UTF-8" ?>
<testsuite tests="7" failures="0" name="TestSuite" time="18.807" errors="0" skipped="0">
  <properties>
[...]
</properties>
  <testcase classname="aboutCompanyTest" name="aboutUsFunction" time="5.891"/>
  <testcase classname="categoryTest" name="CategoryJobsFunction" time="4.16"/>
  <testcase classname="FaqTest" name="FaqFunction" time="0.886"/>
  <testcase classname="Hotcategories_Test" name="HotCategories_Function" time="0.776"/>
  <testcase classname="loginTest" name="Login_Function" time="2.423"/>
  <testcase classname="registerWithFacebookTest" name="RegisterWtihFacebook_Function" time="3.458"/>
  <testcase classname="whatsappTest" name="WhatsApp_Function" time="1.213"/>
</testsuite>